0 info it worked if it ends with ok
1 verbose cli [ 'C:\\Program Files (x86)\\nodejs\\\\node.exe',
1 verbose cli   'C:\\Program Files (x86)\\nodejs\\node_modules\\npm\\bin\\npm-cli.js',
1 verbose cli   'install',
1 verbose cli   'child_process' ]
2 info using npm@2.11.3
3 info using node@v0.12.7
4 verbose config Skipping project config: C:\Users\CarlaItzel/.npmrc. (matches userconfig)
5 verbose install initial load of C:\Users\CarlaItzel\package.json
6 verbose installManyTop reading scoped package data from C:\Users\CarlaItzel\node_modules\adventure-verify\package.json
7 verbose installManyTop reading scoped package data from C:\Users\CarlaItzel\node_modules\childprocess\package.json
8 verbose installManyTop reading scoped package data from C:\Users\CarlaItzel\node_modules\chunky\package.json
9 verbose installManyTop reading scoped package data from C:\Users\CarlaItzel\node_modules\concat-stream\package.json
10 verbose installManyTop reading scoped package data from C:\Users\CarlaItzel\node_modules\exec\package.json
11 verbose installManyTop reading scoped package data from C:\Users\CarlaItzel\node_modules\osenv\package.json
12 verbose installManyTop reading scoped package data from C:\Users\CarlaItzel\node_modules\path\package.json
13 verbose installManyTop reading scoped package data from C:\Users\CarlaItzel\node_modules\semver\package.json
14 verbose installManyTop reading scoped package data from C:\Users\CarlaItzel\node_modules\split\package.json
15 verbose installManyTop reading scoped package data from C:\Users\CarlaItzel\node_modules\through2\package.json
16 verbose installManyTop reading scoped package data from C:\Users\CarlaItzel\node_modules\through2-map\package.json
17 verbose installManyTop reading scoped package data from C:\Users\CarlaItzel\node_modules\which\package.json
18 info package.json path@0.12.7 path is also the name of a node core module.
19 info package.json exec@0.2.1 No license field.
20 verbose readDependencies loading dependencies from C:\Users\CarlaItzel\package.json
21 silly cache add args [ 'child_process', null ]
22 verbose cache add spec child_process
23 silly cache add parsed spec { raw: 'child_process',
23 silly cache add   scope: null,
23 silly cache add   name: 'child_process',
23 silly cache add   rawSpec: '',
23 silly cache add   spec: '*',
23 silly cache add   type: 'range' }
24 silly addNamed child_process@*
25 verbose addNamed "*" is a valid semver range for child_process
26 silly addNameRange { name: 'child_process', range: '*', hasData: false }
27 silly mapToRegistry name child_process
28 silly mapToRegistry using default registry
29 silly mapToRegistry registry https://registry.npmjs.org/
30 silly mapToRegistry uri https://registry.npmjs.org/child_process
31 verbose addNameRange registry:https://registry.npmjs.org/child_process not in flight; fetching
32 verbose request uri https://registry.npmjs.org/child_process
33 verbose request no auth needed
34 info attempt registry request try #1 at 21:35:08
35 verbose request id f61ddda780186b44
36 http request GET https://registry.npmjs.org/child_process
37 http 404 https://registry.npmjs.org/child_process
38 verbose headers { 'content-type': 'application/json',
38 verbose headers   'cache-control': 'max-age=0',
38 verbose headers   'content-length': '2',
38 verbose headers   'accept-ranges': 'bytes',
38 verbose headers   date: 'Fri, 18 Sep 2015 02:35:08 GMT',
38 verbose headers   via: '1.1 varnish',
38 verbose headers   age: '0',
38 verbose headers   connection: 'keep-alive',
38 verbose headers   'x-served-by': 'cache-ord1735-ORD',
38 verbose headers   'x-cache': 'MISS',
38 verbose headers   'x-cache-hits': '0',
38 verbose headers   'x-timer': 'S1442543708.917966,VS0,VE66' }
39 silly get cb [ 404,
39 silly get   { 'content-type': 'application/json',
39 silly get     'cache-control': 'max-age=0',
39 silly get     'content-length': '2',
39 silly get     'accept-ranges': 'bytes',
39 silly get     date: 'Fri, 18 Sep 2015 02:35:08 GMT',
39 silly get     via: '1.1 varnish',
39 silly get     age: '0',
39 silly get     connection: 'keep-alive',
39 silly get     'x-served-by': 'cache-ord1735-ORD',
39 silly get     'x-cache': 'MISS',
39 silly get     'x-cache-hits': '0',
39 silly get     'x-timer': 'S1442543708.917966,VS0,VE66' } ]
40 verbose stack Error: Registry returned 404 for GET on https://registry.npmjs.org/child_process
40 verbose stack     at CachingRegistryClient.<anonymous> (C:\Program Files (x86)\nodejs\node_modules\npm\node_modules\npm-registry-client\lib\request.js:239:14)
40 verbose stack     at Request._callback (C:\Program Files (x86)\nodejs\node_modules\npm\node_modules\npm-registry-client\lib\request.js:170:14)
40 verbose stack     at Request.self.callback (C:\Program Files (x86)\nodejs\node_modules\npm\node_modules\request\request.js:354:22)
40 verbose stack     at Request.emit (events.js:110:17)
40 verbose stack     at Request.<anonymous> (C:\Program Files (x86)\nodejs\node_modules\npm\node_modules\request\request.js:1207:14)
40 verbose stack     at Request.emit (events.js:129:20)
40 verbose stack     at IncomingMessage.<anonymous> (C:\Program Files (x86)\nodejs\node_modules\npm\node_modules\request\request.js:1153:12)
40 verbose stack     at IncomingMessage.emit (events.js:129:20)
40 verbose stack     at _stream_readable.js:908:16
40 verbose stack     at process._tickCallback (node.js:355:11)
41 verbose statusCode 404
42 verbose pkgid child_process
43 verbose cwd C:\Users\CarlaItzel\Documents\FIMEE\schoolsolutions\Stream-Adventure\lines
44 error Windows_NT 6.2.9200
45 error argv "C:\\Program Files (x86)\\nodejs\\\\node.exe" "C:\\Program Files (x86)\\nodejs\\node_modules\\npm\\bin\\npm-cli.js" "install" "child_process"
46 error node v0.12.7
47 error npm  v2.11.3
48 error code E404
49 error 404 Registry returned 404 for GET on https://registry.npmjs.org/child_process
49 error 404
49 error 404 'child_process' is not in the npm registry.
49 error 404 Your package name is not valid, because
49 error 404
49 error 404  1. child_process is a core module name
49 error 404
49 error 404 Note that you can also install from a
49 error 404 tarball, folder, http url, or git url.
50 verbose exit [ 1, true ]
