0 info it worked if it ends with ok
1 verbose cli [ 'C:\\Program Files (x86)\\nodejs\\\\node.exe',
1 verbose cli   'C:\\Program Files (x86)\\nodejs\\node_modules\\npm\\bin\\npm-cli.js',
1 verbose cli   'install',
1 verbose cli   'child-process' ]
2 info using npm@2.11.3
3 info using node@v0.12.7
4 verbose config Skipping project config: C:\Users\CarlaItzel/.npmrc. (matches userconfig)
5 verbose install initial load of C:\Users\CarlaItzel\package.json
6 verbose installManyTop reading scoped package data from C:\Users\CarlaItzel\node_modules\adventure-verify\package.json
7 verbose installManyTop reading scoped package data from C:\Users\CarlaItzel\node_modules\childprocess\package.json
8 verbose installManyTop reading scoped package data from C:\Users\CarlaItzel\node_modules\concat-stream\package.json
9 verbose installManyTop reading scoped package data from C:\Users\CarlaItzel\node_modules\exec\package.json
10 verbose installManyTop reading scoped package data from C:\Users\CarlaItzel\node_modules\osenv\package.json
11 verbose installManyTop reading scoped package data from C:\Users\CarlaItzel\node_modules\path\package.json
12 verbose installManyTop reading scoped package data from C:\Users\CarlaItzel\node_modules\semver\package.json
13 verbose installManyTop reading scoped package data from C:\Users\CarlaItzel\node_modules\through2\package.json
14 verbose installManyTop reading scoped package data from C:\Users\CarlaItzel\node_modules\through2-map\package.json
15 verbose installManyTop reading scoped package data from C:\Users\CarlaItzel\node_modules\which\package.json
16 info package.json exec@0.2.1 No license field.
17 info package.json path@0.12.7 path is also the name of a node core module.
18 verbose readDependencies loading dependencies from C:\Users\CarlaItzel\package.json
19 silly cache add args [ 'child-process', null ]
20 verbose cache add spec child-process
21 silly cache add parsed spec { raw: 'child-process',
21 silly cache add   scope: null,
21 silly cache add   name: 'child-process',
21 silly cache add   rawSpec: '',
21 silly cache add   spec: '*',
21 silly cache add   type: 'range' }
22 silly addNamed child-process@*
23 verbose addNamed "*" is a valid semver range for child-process
24 silly addNameRange { name: 'child-process', range: '*', hasData: false }
25 silly mapToRegistry name child-process
26 silly mapToRegistry using default registry
27 silly mapToRegistry registry https://registry.npmjs.org/
28 silly mapToRegistry uri https://registry.npmjs.org/child-process
29 verbose addNameRange registry:https://registry.npmjs.org/child-process not in flight; fetching
30 verbose request uri https://registry.npmjs.org/child-process
31 verbose request no auth needed
32 info attempt registry request try #1 at 21:22:58
33 verbose request id 0ee1138eb13d6ddf
34 http request GET https://registry.npmjs.org/child-process
35 http 404 https://registry.npmjs.org/child-process
36 verbose headers { 'content-type': 'application/json',
36 verbose headers   'cache-control': 'max-age=0',
36 verbose headers   'content-length': '2',
36 verbose headers   'accept-ranges': 'bytes',
36 verbose headers   date: 'Fri, 18 Sep 2015 02:22:59 GMT',
36 verbose headers   via: '1.1 varnish',
36 verbose headers   age: '0',
36 verbose headers   connection: 'keep-alive',
36 verbose headers   'x-served-by': 'cache-ord1720-ORD',
36 verbose headers   'x-cache': 'MISS',
36 verbose headers   'x-cache-hits': '0',
36 verbose headers   'x-timer': 'S1442542979.172718,VS0,VE299' }
37 silly get cb [ 404,
37 silly get   { 'content-type': 'application/json',
37 silly get     'cache-control': 'max-age=0',
37 silly get     'content-length': '2',
37 silly get     'accept-ranges': 'bytes',
37 silly get     date: 'Fri, 18 Sep 2015 02:22:59 GMT',
37 silly get     via: '1.1 varnish',
37 silly get     age: '0',
37 silly get     connection: 'keep-alive',
37 silly get     'x-served-by': 'cache-ord1720-ORD',
37 silly get     'x-cache': 'MISS',
37 silly get     'x-cache-hits': '0',
37 silly get     'x-timer': 'S1442542979.172718,VS0,VE299' } ]
38 verbose stack Error: Registry returned 404 for GET on https://registry.npmjs.org/child-process
38 verbose stack     at CachingRegistryClient.<anonymous> (C:\Program Files (x86)\nodejs\node_modules\npm\node_modules\npm-registry-client\lib\request.js:239:14)
38 verbose stack     at Request._callback (C:\Program Files (x86)\nodejs\node_modules\npm\node_modules\npm-registry-client\lib\request.js:170:14)
38 verbose stack     at Request.self.callback (C:\Program Files (x86)\nodejs\node_modules\npm\node_modules\request\request.js:354:22)
38 verbose stack     at Request.emit (events.js:110:17)
38 verbose stack     at Request.<anonymous> (C:\Program Files (x86)\nodejs\node_modules\npm\node_modules\request\request.js:1207:14)
38 verbose stack     at Request.emit (events.js:129:20)
38 verbose stack     at IncomingMessage.<anonymous> (C:\Program Files (x86)\nodejs\node_modules\npm\node_modules\request\request.js:1153:12)
38 verbose stack     at IncomingMessage.emit (events.js:129:20)
38 verbose stack     at _stream_readable.js:908:16
38 verbose stack     at process._tickCallback (node.js:355:11)
39 verbose statusCode 404
40 verbose pkgid child-process
41 verbose cwd C:\Users\CarlaItzel\Documents\FIMEE\schoolsolutions\Stream-Adventure\Transform
42 error Windows_NT 6.2.9200
43 error argv "C:\\Program Files (x86)\\nodejs\\\\node.exe" "C:\\Program Files (x86)\\nodejs\\node_modules\\npm\\bin\\npm-cli.js" "install" "child-process"
44 error node v0.12.7
45 error npm  v2.11.3
46 error code E404
47 error 404 Registry returned 404 for GET on https://registry.npmjs.org/child-process
47 error 404
47 error 404 'child-process' is not in the npm registry.
47 error 404 You should bug the author to publish it (or use the name yourself!)
47 error 404
47 error 404 Note that you can also install from a
47 error 404 tarball, folder, http url, or git url.
48 verbose exit [ 1, true ]
